<?xml version="1.0" encoding="UTF-8"?>
<coverage generated="1698431500576" clover="3.2.0">
  <project timestamp="1698431500576" name="All files">
    <metrics statements="80" coveredstatements="73" conditionals="58" coveredconditionals="51" methods="20" coveredmethods="14" elements="158" coveredelements="138" complexity="0" loc="80" ncloc="80" packages="1" files="1" classes="1"/>
    <file name="item.mjs" path="/Users/zane/.liq/playground/@liquid-labs/resource-item/src/item.mjs">
      <metrics statements="80" coveredstatements="73" conditionals="58" coveredconditionals="51" methods="20" coveredmethods="14"/>
      <line num="52" count="1" type="stmt"/>
      <line num="55" count="1" type="stmt"/>
      <line num="57" count="1" type="stmt"/>
      <line num="58" count="13" type="stmt"/>
      <line num="59" count="13" type="stmt"/>
      <line num="62" count="13" type="stmt"/>
      <line num="63" count="54" type="stmt"/>
      <line num="65" count="54" type="stmt"/>
      <line num="66" count="362" type="stmt"/>
      <line num="67" count="362" type="stmt"/>
      <line num="68" count="362" type="cond" truecount="2" falsecount="0"/>
      <line num="69" count="362" type="stmt"/>
      <line num="70" count="362" type="stmt"/>
      <line num="71" count="362" type="stmt"/>
      <line num="72" count="362" type="stmt"/>
      <line num="73" count="362" type="cond" truecount="2" falsecount="0"/>
      <line num="75" count="362" type="cond" truecount="7" falsecount="0"/>
      <line num="76" count="64" type="stmt"/>
      <line num="81" count="298" type="cond" truecount="1" falsecount="0"/>
      <line num="82" count="153" type="stmt"/>
      <line num="90" count="54" type="stmt"/>
      <line num="93" count="13" type="stmt"/>
      <line num="96" count="13" type="stmt"/>
      <line num="98" count="81" type="stmt"/>
      <line num="99" count="5" type="stmt"/>
      <line num="102" count="80" type="cond" truecount="1" falsecount="1"/>
      <line num="106" count="80" type="cond" truecount="7" falsecount="0"/>
      <line num="107" count="39" type="cond" truecount="1" falsecount="1"/>
      <line num="130" count="41" type="stmt"/>
      <line num="131" count="41" type="cond" truecount="4" falsecount="0"/>
      <line num="137" count="11" type="stmt"/>
      <line num="138" count="3" type="stmt"/>
      <line num="142" count="10" type="cond" truecount="4" falsecount="0"/>
      <line num="143" count="2" type="stmt"/>
      <line num="144" count="2" type="stmt"/>
      <line num="146" count="8" type="cond" truecount="4" falsecount="0"/>
      <line num="147" count="4" type="cond" truecount="3" falsecount="1"/>
      <line num="150" count="4" type="stmt"/>
      <line num="156" count="4" type="stmt"/>
      <line num="159" count="1" type="stmt"/>
      <line num="162" count="1" type="cond" truecount="1" falsecount="1"/>
      <line num="166" count="19" type="cond" truecount="2" falsecount="0"/>
      <line num="173" count="7" type="cond" truecount="2" falsecount="0"/>
      <line num="175" count="1" type="stmt"/>
      <line num="179" count="30" type="stmt"/>
      <line num="180" count="15" type="cond" truecount="1" falsecount="0"/>
      <line num="181" count="1" type="stmt"/>
      <line num="184" count="14" type="stmt"/>
      <line num="186" count="14" type="cond" truecount="1" falsecount="0"/>
      <line num="187" count="1" type="stmt"/>
      <line num="190" count="13" type="cond" truecount="1" falsecount="0"/>
      <line num="191" count="7" type="stmt"/>
      <line num="194" count="13" type="stmt"/>
      <line num="195" count="13" type="stmt"/>
      <line num="205" count="13" type="stmt"/>
      <line num="207" count="13" type="stmt"/>
      <line num="212" count="13" type="stmt"/>
      <line num="214" count="2" type="stmt"/>
      <line num="217" count="0" type="stmt"/>
      <line num="218" count="0" type="cond" truecount="0" falsecount="2"/>
      <line num="222" count="0" type="stmt"/>
      <line num="224" count="0" type="stmt"/>
      <line num="230" count="7" type="stmt"/>
      <line num="232" count="0" type="stmt"/>
      <line num="234" count="0" type="stmt"/>
      <line num="236" count="0" type="stmt"/>
      <line num="242" count="23" type="stmt"/>
      <line num="245" count="1" type="stmt"/>
      <line num="251" count="1" type="cond" truecount="0" falsecount="1"/>
      <line num="253" count="9" type="stmt"/>
      <line num="254" count="9" type="stmt"/>
      <line num="255" count="36" type="cond" truecount="1" falsecount="0"/>
      <line num="256" count="1" type="stmt"/>
      <line num="259" count="9" type="cond" truecount="1" falsecount="0"/>
      <line num="260" count="1" type="stmt"/>
      <line num="263" count="8" type="cond" truecount="1" falsecount="0"/>
      <line num="264" count="6" type="stmt"/>
      <line num="267" count="8" type="stmt"/>
      <line num="269" count="8" type="stmt"/>
      <line num="276" count="8" type="stmt"/>
    </file>
  </project>
</coverage>
