{"/Users/zane/.liq/playground/@liquid-labs/resource-item/src/item.mjs": {"path":"/Users/zane/.liq/playground/@liquid-labs/resource-item/src/item.mjs","statementMap":{"0":{"start":{"line":52,"column":19},"end":{"line":52,"column":32}},"1":{"start":{"line":55,"column":21},"end":{"line":55,"column":164}},"2":{"start":{"line":57,"column":28},"end":{"line":94,"column":1}},"3":{"start":{"line":58,"column":20},"end":{"line":58,"column":22}},"4":{"start":{"line":59,"column":22},"end":{"line":59,"column":24}},"5":{"start":{"line":62,"column":2},"end":{"line":91,"column":null}},"6":{"start":{"line":63,"column":28},"end":{"line":63,"column":65}},"7":{"start":{"line":65,"column":4},"end":{"line":89,"column":null}},"8":{"start":{"line":66,"column":25},"end":{"line":66,"column":49}},"9":{"start":{"line":67,"column":24},"end":{"line":67,"column":40}},"10":{"start":{"line":68,"column":25},"end":{"line":68,"column":75}},"11":{"start":{"line":69,"column":21},"end":{"line":69,"column":35}},"12":{"start":{"line":70,"column":24},"end":{"line":70,"column":32}},"13":{"start":{"line":71,"column":21},"end":{"line":71,"column":35}},"14":{"start":{"line":72,"column":24},"end":{"line":72,"column":32}},"15":{"start":{"line":73,"column":22},"end":{"line":73,"column":44}},"16":{"start":{"line":75,"column":6},"end":{"line":88,"column":null}},"17":{"start":{"line":76,"column":8},"end":{"line":76,"column":null}},"18":{"start":{"line":81,"column":11},"end":{"line":88,"column":null}},"19":{"start":{"line":82,"column":8},"end":{"line":87,"column":null}},"20":{"start":{"line":90,"column":4},"end":{"line":90,"column":null}},"21":{"start":{"line":93,"column":2},"end":{"line":93,"column":null}},"22":{"start":{"line":96,"column":16},"end":{"line":171,"column":2}},"23":{"start":{"line":96,"column":91},"end":{"line":171,"column":1}},"24":{"start":{"line":98,"column":4},"end":{"line":100,"column":null}},"25":{"start":{"line":99,"column":6},"end":{"line":99,"column":null}},"26":{"start":{"line":102,"column":4},"end":{"line":134,"column":null}},"27":{"start":{"line":102,"column":32},"end":{"line":102,"column":null}},"28":{"start":{"line":106,"column":9},"end":{"line":134,"column":null}},"29":{"start":{"line":107,"column":6},"end":{"line":109,"column":null}},"30":{"start":{"line":130,"column":20},"end":{"line":130,"column":34}},"31":{"start":{"line":131,"column":6},"end":{"line":133,"column":null}},"32":{"start":{"line":137,"column":4},"end":{"line":139,"column":null}},"33":{"start":{"line":138,"column":6},"end":{"line":138,"column":null}},"34":{"start":{"line":142,"column":4},"end":{"line":156,"column":null}},"35":{"start":{"line":143,"column":6},"end":{"line":143,"column":null}},"36":{"start":{"line":144,"column":6},"end":{"line":144,"column":null}},"37":{"start":{"line":146,"column":9},"end":{"line":156,"column":null}},"38":{"start":{"line":147,"column":23},"end":{"line":149,"column":15}},"39":{"start":{"line":150,"column":6},"end":{"line":150,"column":null}},"40":{"start":{"line":156,"column":9},"end":{"line":156,"column":null}},"41":{"start":{"line":159,"column":4},"end":{"line":159,"column":null}},"42":{"start":{"line":162,"column":4},"end":{"line":162,"column":null}},"43":{"start":{"line":166,"column":4},"end":{"line":167,"column":null}},"44":{"start":{"line":173,"column":29},"end":{"line":173,"column":82}},"45":{"start":{"line":173,"column":36},"end":{"line":173,"column":82}},"46":{"start":{"line":175,"column":10},"end":{"line":243,"column":null}},"47":{"start":{"line":179,"column":20},"end":{"line":179,"column":null}},"48":{"start":{"line":180,"column":4},"end":{"line":182,"column":null}},"49":{"start":{"line":181,"column":6},"end":{"line":181,"column":null}},"50":{"start":{"line":184,"column":4},"end":{"line":184,"column":null}},"51":{"start":{"line":186,"column":4},"end":{"line":188,"column":null}},"52":{"start":{"line":187,"column":6},"end":{"line":187,"column":null}},"53":{"start":{"line":190,"column":4},"end":{"line":192,"column":null}},"54":{"start":{"line":191,"column":6},"end":{"line":191,"column":null}},"55":{"start":{"line":194,"column":37},"end":{"line":194,"column":61}},"56":{"start":{"line":195,"column":18},"end":{"line":202,"column":7}},"57":{"start":{"line":205,"column":4},"end":{"line":205,"column":null}},"58":{"start":{"line":207,"column":4},"end":{"line":207,"column":17}},"59":{"start":{"line":212,"column":19},"end":{"line":212,"column":80}},"60":{"start":{"line":214,"column":15},"end":{"line":214,"column":50}},"61":{"start":{"line":217,"column":17},"end":{"line":217,"column":26}},"62":{"start":{"line":218,"column":4},"end":{"line":218,"column":null}},"63":{"start":{"line":222,"column":22},"end":{"line":222,"column":69}},"64":{"start":{"line":224,"column":24},"end":{"line":224,"column":73}},"65":{"start":{"line":230,"column":23},"end":{"line":230,"column":71}},"66":{"start":{"line":232,"column":20},"end":{"line":232,"column":65}},"67":{"start":{"line":234,"column":19},"end":{"line":234,"column":63}},"68":{"start":{"line":236,"column":20},"end":{"line":236,"column":65}},"69":{"start":{"line":242,"column":19},"end":{"line":242,"column":63}},"70":{"start":{"line":245,"column":27},"end":{"line":245,"column":77}},"71":{"start":{"line":251,"column":0},"end":{"line":277,"column":null}},"72":{"start":{"line":253,"column":24},"end":{"line":253,"column":26}},"73":{"start":{"line":254,"column":2},"end":{"line":258,"column":null}},"74":{"start":{"line":255,"column":4},"end":{"line":257,"column":null}},"75":{"start":{"line":256,"column":6},"end":{"line":256,"column":null}},"76":{"start":{"line":259,"column":2},"end":{"line":261,"column":null}},"77":{"start":{"line":260,"column":4},"end":{"line":260,"column":null}},"78":{"start":{"line":263,"column":2},"end":{"line":265,"column":null}},"79":{"start":{"line":264,"column":4},"end":{"line":264,"column":null}},"80":{"start":{"line":267,"column":2},"end":{"line":267,"column":null}},"81":{"start":{"line":269,"column":2},"end":{"line":274,"column":null}},"82":{"start":{"line":276,"column":2},"end":{"line":276,"column":null}}},"fnMap":{"0":{"name":"(anonymous_0)","decl":{"start":{"line":57,"column":28},"end":{"line":57,"column":31}},"loc":{"start":{"line":57,"column":36},"end":{"line":94,"column":1}}},"1":{"name":"(anonymous_1)","decl":{"start":{"line":96,"column":16},"end":{"line":96,"column":17}},"loc":{"start":{"line":96,"column":91},"end":{"line":171,"column":1}}},"2":{"name":"(anonymous_2)","decl":{"start":{"line":97,"column":8},"end":{"line":97,"column":9}},"loc":{"start":{"line":97,"column":40},"end":{"line":135,"column":3}}},"3":{"name":"(anonymous_3)","decl":{"start":{"line":136,"column":8},"end":{"line":136,"column":9}},"loc":{"start":{"line":136,"column":47},"end":{"line":157,"column":3}}},"4":{"name":"(anonymous_4)","decl":{"start":{"line":158,"column":13},"end":{"line":158,"column":19}},"loc":{"start":{"line":158,"column":24},"end":{"line":160,"column":3}}},"5":{"name":"(anonymous_5)","decl":{"start":{"line":161,"column":8},"end":{"line":161,"column":9}},"loc":{"start":{"line":161,"column":30},"end":{"line":163,"column":3}}},"6":{"name":"(anonymous_6)","decl":{"start":{"line":164,"column":29},"end":{"line":164,"column":30}},"loc":{"start":{"line":164,"column":51},"end":{"line":170,"column":null}}},"7":{"name":"(anonymous_7)","decl":{"start":{"line":173,"column":29},"end":{"line":173,"column":31}},"loc":{"start":{"line":173,"column":36},"end":{"line":173,"column":82}}},"8":{"name":"(anonymous_8)","decl":{"start":{"line":179,"column":2},"end":{"line":179,"column":13}},"loc":{"start":{"line":179,"column":20},"end":{"line":208,"column":3}}},"9":{"name":"(anonymous_9)","decl":{"start":{"line":212,"column":2},"end":{"line":212,"column":6}},"loc":{"start":{"line":212,"column":17},"end":{"line":212,"column":null}}},"10":{"name":"(anonymous_10)","decl":{"start":{"line":214,"column":2},"end":{"line":214,"column":6}},"loc":{"start":{"line":214,"column":13},"end":{"line":214,"column":null}}},"11":{"name":"(anonymous_11)","decl":{"start":{"line":216,"column":2},"end":{"line":216,"column":6}},"loc":{"start":{"line":216,"column":20},"end":{"line":219,"column":null}}},"12":{"name":"(anonymous_12)","decl":{"start":{"line":222,"column":2},"end":{"line":222,"column":6}},"loc":{"start":{"line":222,"column":20},"end":{"line":222,"column":null}}},"13":{"name":"(anonymous_13)","decl":{"start":{"line":224,"column":2},"end":{"line":224,"column":6}},"loc":{"start":{"line":224,"column":22},"end":{"line":224,"column":null}}},"14":{"name":"(anonymous_14)","decl":{"start":{"line":230,"column":2},"end":{"line":230,"column":6}},"loc":{"start":{"line":230,"column":21},"end":{"line":230,"column":null}}},"15":{"name":"(anonymous_15)","decl":{"start":{"line":232,"column":2},"end":{"line":232,"column":6}},"loc":{"start":{"line":232,"column":18},"end":{"line":232,"column":null}}},"16":{"name":"(anonymous_16)","decl":{"start":{"line":234,"column":2},"end":{"line":234,"column":6}},"loc":{"start":{"line":234,"column":17},"end":{"line":234,"column":null}}},"17":{"name":"(anonymous_17)","decl":{"start":{"line":236,"column":2},"end":{"line":236,"column":6}},"loc":{"start":{"line":236,"column":18},"end":{"line":236,"column":null}}},"18":{"name":"(anonymous_18)","decl":{"start":{"line":242,"column":2},"end":{"line":242,"column":6}},"loc":{"start":{"line":242,"column":17},"end":{"line":242,"column":null}}},"19":{"name":"(anonymous_19)","decl":{"start":{"line":251,"column":26},"end":{"line":251,"column":27}},"loc":{"start":{"line":251,"column":47},"end":{"line":277,"column":1}}}},"branchMap":{"0":{"loc":{"start":{"line":68,"column":28},"end":{"line":68,"column":74}},"type":"binary-expr","locations":[{"start":{"line":68,"column":28},"end":{"line":68,"column":37}},{"start":{"line":68,"column":42},"end":{"line":68,"column":74}}]},"1":{"loc":{"start":{"line":73,"column":22},"end":{"line":73,"column":44}},"type":"binary-expr","locations":[{"start":{"line":73,"column":22},"end":{"line":73,"column":31}},{"start":{"line":73,"column":35},"end":{"line":73,"column":44}}]},"2":{"loc":{"start":{"line":75,"column":6},"end":{"line":88,"column":null}},"type":"if","locations":[{"start":{"line":75,"column":6},"end":{"line":88,"column":null}},{"start":{"line":81,"column":11},"end":{"line":88,"column":null}}]},"3":{"loc":{"start":{"line":75,"column":10},"end":{"line":75,"column":98}},"type":"binary-expr","locations":[{"start":{"line":75,"column":10},"end":{"line":75,"column":18}},{"start":{"line":75,"column":22},"end":{"line":75,"column":31}},{"start":{"line":75,"column":35},"end":{"line":75,"column":49}},{"start":{"line":75,"column":53},"end":{"line":75,"column":63}},{"start":{"line":75,"column":67},"end":{"line":75,"column":98}}]},"4":{"loc":{"start":{"line":81,"column":11},"end":{"line":88,"column":null}},"type":"if","locations":[{"start":{"line":81,"column":11},"end":{"line":88,"column":null}}]},"5":{"loc":{"start":{"line":102,"column":4},"end":{"line":134,"column":null}},"type":"if","locations":[{"start":{"line":102,"column":4},"end":{"line":134,"column":null}},{"start":{"line":106,"column":9},"end":{"line":134,"column":null}}]},"6":{"loc":{"start":{"line":106,"column":9},"end":{"line":134,"column":null}},"type":"if","locations":[{"start":{"line":106,"column":9},"end":{"line":134,"column":null}},{"start":{"line":129,"column":9},"end":{"line":134,"column":null}}]},"7":{"loc":{"start":{"line":106,"column":13},"end":{"line":106,"column":88}},"type":"binary-expr","locations":[{"start":{"line":106,"column":13},"end":{"line":106,"column":34}},{"start":{"line":106,"column":38},"end":{"line":106,"column":57}},{"start":{"line":106,"column":57},"end":{"line":106,"column":78}},{"start":{"line":106,"column":75},"end":{"line":106,"column":78}},{"start":{"line":106,"column":61},"end":{"line":106,"column":88}}]},"8":{"loc":{"start":{"line":107,"column":13},"end":{"line":109,"column":39}},"type":"cond-expr","locations":[{"start":{"line":108,"column":10},"end":{"line":108,"column":49}},{"start":{"line":109,"column":10},"end":{"line":109,"column":39}}]},"9":{"loc":{"start":{"line":131,"column":13},"end":{"line":133,"column":15}},"type":"cond-expr","locations":[{"start":{"line":132,"column":10},"end":{"line":132,"column":32}},{"start":{"line":133,"column":10},"end":{"line":133,"column":15}}]},"10":{"loc":{"start":{"line":131,"column":13},"end":{"line":131,"column":47}},"type":"binary-expr","locations":[{"start":{"line":131,"column":13},"end":{"line":131,"column":18}},{"start":{"line":131,"column":22},"end":{"line":131,"column":47}}]},"11":{"loc":{"start":{"line":142,"column":4},"end":{"line":156,"column":null}},"type":"if","locations":[{"start":{"line":142,"column":4},"end":{"line":156,"column":null}},{"start":{"line":146,"column":9},"end":{"line":156,"column":null}}]},"12":{"loc":{"start":{"line":142,"column":8},"end":{"line":142,"column":56}},"type":"binary-expr","locations":[{"start":{"line":142,"column":8},"end":{"line":142,"column":27}},{"start":{"line":142,"column":31},"end":{"line":142,"column":56}}]},"13":{"loc":{"start":{"line":146,"column":9},"end":{"line":156,"column":null}},"type":"if","locations":[{"start":{"line":146,"column":9},"end":{"line":156,"column":null}},{"start":{"line":156,"column":9},"end":{"line":156,"column":null}}]},"14":{"loc":{"start":{"line":146,"column":13},"end":{"line":146,"column":58}},"type":"binary-expr","locations":[{"start":{"line":146,"column":13},"end":{"line":146,"column":21}},{"start":{"line":146,"column":25},"end":{"line":146,"column":58}}]},"15":{"loc":{"start":{"line":147,"column":23},"end":{"line":149,"column":15}},"type":"cond-expr","locations":[{"start":{"line":148,"column":10},"end":{"line":148,"column":32}},{"start":{"line":149,"column":10},"end":{"line":149,"column":15}}]},"16":{"loc":{"start":{"line":147,"column":23},"end":{"line":147,"column":57}},"type":"binary-expr","locations":[{"start":{"line":147,"column":23},"end":{"line":147,"column":28}},{"start":{"line":147,"column":32},"end":{"line":147,"column":57}}]},"17":{"loc":{"start":{"line":162,"column":12},"end":{"line":162,"column":53}},"type":"binary-expr","locations":[{"start":{"line":162,"column":12},"end":{"line":162,"column":30}},{"start":{"line":162,"column":36},"end":{"line":162,"column":53}}]},"18":{"loc":{"start":{"line":166,"column":11},"end":{"line":167,"column":56}},"type":"binary-expr","locations":[{"start":{"line":166,"column":11},"end":{"line":166,"column":60}},{"start":{"line":167,"column":9},"end":{"line":167,"column":56}}]},"19":{"loc":{"start":{"line":173,"column":36},"end":{"line":173,"column":82}},"type":"cond-expr","locations":[{"start":{"line":173,"column":61},"end":{"line":173,"column":77}},{"start":{"line":173,"column":80},"end":{"line":173,"column":82}}]},"20":{"loc":{"start":{"line":180,"column":4},"end":{"line":182,"column":null}},"type":"if","locations":[{"start":{"line":180,"column":4},"end":{"line":182,"column":null}}]},"21":{"loc":{"start":{"line":186,"column":4},"end":{"line":188,"column":null}},"type":"if","locations":[{"start":{"line":186,"column":4},"end":{"line":188,"column":null}}]},"22":{"loc":{"start":{"line":190,"column":4},"end":{"line":192,"column":null}},"type":"if","locations":[{"start":{"line":190,"column":4},"end":{"line":192,"column":null}}]},"23":{"loc":{"start":{"line":198,"column":20},"end":{"line":198,"column":65}},"type":"binary-expr","locations":[{"start":{"line":198,"column":20},"end":{"line":198,"column":59}},{"start":{"line":198,"column":63},"end":{"line":198,"column":65}}]},"24":{"loc":{"start":{"line":201,"column":20},"end":{"line":201,"column":null}},"type":"binary-expr","locations":[{"start":{"line":201,"column":20},"end":{"line":201,"column":59}},{"start":{"line":201,"column":63},"end":{"line":201,"column":null}}]},"25":{"loc":{"start":{"line":218,"column":11},"end":{"line":218,"column":59}},"type":"cond-expr","locations":[{"start":{"line":218,"column":30},"end":{"line":218,"column":52}},{"start":{"line":218,"column":55},"end":{"line":218,"column":59}}]},"26":{"loc":{"start":{"line":251,"column":27},"end":{"line":251,"column":42}},"type":"default-arg","locations":[{"start":{"line":251,"column":40},"end":{"line":251,"column":42}}]},"27":{"loc":{"start":{"line":255,"column":4},"end":{"line":257,"column":null}},"type":"if","locations":[{"start":{"line":255,"column":4},"end":{"line":257,"column":null}}]},"28":{"loc":{"start":{"line":259,"column":2},"end":{"line":261,"column":null}},"type":"if","locations":[{"start":{"line":259,"column":2},"end":{"line":261,"column":null}}]},"29":{"loc":{"start":{"line":263,"column":2},"end":{"line":265,"column":null}},"type":"if","locations":[{"start":{"line":263,"column":2},"end":{"line":265,"column":null}}]}},"s":{"0":1,"1":1,"2":1,"3":13,"4":13,"5":13,"6":54,"7":54,"8":362,"9":362,"10":362,"11":362,"12":362,"13":362,"14":362,"15":362,"16":362,"17":64,"18":298,"19":153,"20":54,"21":13,"22":1,"23":13,"24":81,"25":5,"26":80,"27":0,"28":80,"29":39,"30":41,"31":41,"32":11,"33":3,"34":10,"35":2,"36":2,"37":8,"38":4,"39":4,"40":4,"41":1,"42":1,"43":19,"44":1,"45":7,"46":1,"47":30,"48":15,"49":1,"50":14,"51":14,"52":1,"53":13,"54":7,"55":13,"56":13,"57":13,"58":13,"59":13,"60":2,"61":0,"62":0,"63":0,"64":0,"65":7,"66":0,"67":0,"68":0,"69":23,"70":1,"71":1,"72":9,"73":9,"74":36,"75":1,"76":9,"77":1,"78":8,"79":6,"80":8,"81":8,"82":8},"f":{"0":13,"1":13,"2":81,"3":11,"4":1,"5":1,"6":19,"7":7,"8":15,"9":13,"10":2,"11":0,"12":0,"13":0,"14":7,"15":0,"16":0,"17":0,"18":23,"19":9},"b":{"0":[362,196],"1":[362,209],"2":[64,298],"3":[362,209,196,196,183],"4":[153],"5":[0,80],"6":[39,41],"7":[80,56,51,51,25],"8":[39,0],"9":[4,37],"10":[41,15],"11":[2,8],"12":[10,10],"13":[4,4],"14":[8,4],"15":[0,4],"16":[4,4],"17":[1,0],"18":[19,5],"19":[2,5],"20":[1],"21":[1],"22":[7],"23":[13,12],"24":[13,12],"25":[0,0],"26":[0],"27":[1],"28":[1],"29":[6]}}
}
